Populatie intiala:
    1 -> 0111011100011000100001 0.395654 2.239111912284
    2 -> 0111000010111010111000 0.321055 2.217978686975
    3 -> 0000100011000000000110 -0.897457 0.297113933151
    4 -> 1010010100000110001101 0.933878 2.061749881116
    5 -> 0110001110000001010011 0.166075 2.138494094375
    6 -> 0111011001100101010101 0.387451 2.237332722599
    7 -> 0110110110110001001001 0.285453 2.203969584791
    8 -> 0001010001001111111001 -0.761968 0.6574367669760002
    9 -> 0100001110010010001011 -0.208152 1.748520744896
    10 -> 0110010100000110100010 0.183893 2.150076364551
    11 -> 1011100110000001001100 1.173883 1.795881702311
    12 -> 1001011110110111101101 0.777941 2.172748800519
    13 -> 1001001011111000110111 0.72233 2.2005693711
    14 -> 1001101000111101001101 0.80749 2.1554498999
    15 -> 0011001100010000010100 -0.401597 1.437122849591
    16 -> 0110101001000000100000 0.24514 2.1850463804
    17 -> 1010011000001001111011 0.945767 2.051291781711
    18 -> 0011010011101011111110 -0.379823 1.475911488671
    19 -> 1110011010001100101110 1.701755 0.8057849199750002
    20 -> 1010111110011100011011 1.057942 1.938700724636
Populatie cu probabilitatile de selectie fiecare:
    1 -> 0.06536697637196529
    2 -> 0.008756368833530634
    3 -> 0.06076269197501575
    4 -> 0.06302445274135925
    5 -> 0.06593736724035619
    6 -> 0.06495410826965592
    7 -> 0.019375593582277664
    8 -> 0.05153138526023909
    9 -> 0.06336579866383106
    10 -> 0.05292717981970902
    11 -> 0.0640339874949133
    12 -> 0.06485389915164029
    13 -> 0.06352416436872026
    14 -> 0.04235404781140945
    15 -> 0.06439641460849845
    16 -> 0.06045447695892168
    17 -> 0.04349720399642271
    18 -> 0.023747623966904902
    19 -> 0.05713625888462912
Intervalele create:
[0, 0.06536697637196529, 0.07412334520549592, 0.13488603718051168, 0.19791048992187094, 0.26384785716222714, 0.32880196543188306, 0.3481775590141607, 0.3997089442743998, 0.46307474293823087, 0.5160019227579399, 0.5800359102528532, 0.6448898094044935, 0.7084139737732137, 0.7507680215846232, 0.8151644361931216, 0.8756189131520433, 0.9191161171484661, 0.942863741115371, 1.0]
0.916518411901795717
0.226217714603676465
0.663144861756714913
0.0571982633823232561
0.286989882826548256
0.066384290678641042
0.829176468608651416
0.19661953034501994
0.671798926308779213
0.98760560325469319
0.648391256548966513
0.74790906995053814
0.0098949917420414481
0.30171743973636286
0.062322774288550711
0.228135367676779335
0.4906950656187576410
0.0387208417409332651
0.394029066079910848
Cromozomii dupa selectia facuta:
1 0011010011101011111110 -0.379823 1.475911488671
2 0111011001100101010101 0.387451 2.237332722599
3 1001101000111101001101 0.80749 2.1554498999
4 0111000010111010111000 0.321055 2.217978686975
5 0110110110110001001001 0.285453 2.203969584791
6 0000100011000000000110 -0.897457 0.297113933151
7 1010011000001001111011 0.945767 2.051291781711
8 0110001110000001010011 0.166075 2.138494094375
9 1001101000111101001101 0.80749 2.1554498999
10 1010111110011100011011 1.057942 1.938700724636
11 1001101000111101001101 0.80749 2.1554498999
12 0011001100010000010100 -0.401597 1.437122849591
13 0111000010111010111000 0.321055 2.217978686975
14 0110110110110001001001 0.285453 2.203969584791
15 0111000010111010111000 0.321055 2.217978686975
16 0111011001100101010101 0.387451 2.237332722599
17 1011100110000001001100 1.173883 1.795881702311
18 0111000010111010111000 0.321055 2.217978686975
19 0100001110010010001011 -0.208152 1.748520744896
Probabilitate de recombinare data:0.251['0011010011101011111110', '0111011001100101010101', '1001101000111101001101', '0111000010111010111000', '0110110110110001001001', '0000100011000000000110', '1010011000001001111011', '0110001110000001010011', '1001101000111101001101', '1010111110011100011011', '1001101000111101001101', '0011001100010000010100', '0111000010111010111000', '0110110110110001001001', '0111000010111010111000', '0111011001100101010101', '1011100110000001001100', '0111000010111010111000', '0100001110010010001011']0.88868639397647942['0011010011101011111110', '0111011001100101010101', '1001101000111101001101', '0111000010111010111000', '0110110110110001001001', '0000100011000000000110', '1010011000001001111011', '0110001110000001010011', '1001101000111101001101', '1010111110011100011011', '1001101000111101001101', '0011001100010000010100', '0111000010111010111000', '0110110110110001001001', '0111000010111010111000', '0111011001100101010101', '1011100110000001001100', '0111000010111010111000', '0100001110010010001011']0.1153085624230854participa
3['0011010011101011111110', '0111011001100101010101', '1001101000111101001101', '0111000010111010111000', '0110110110110001001001', '0000100011000000000110', '1010011000001001111011', '0110001110000001010011', '1001101000111101001101', '1010111110011100011011', '1001101000111101001101', '0011001100010000010100', '0111000010111010111000', '0110110110110001001001', '0111000010111010111000', '0111011001100101010101', '1011100110000001001100', '0111000010111010111000', '0100001110010010001011']0.61375178812458894['0011010011101011111110', '0111011001100101010101', '1001101000111101001101', '0111000010111010111000', '0110110110110001001001', '0000100011000000000110', '1010011000001001111011', '0110001110000001010011', '1001101000111101001101', '1010111110011100011011', '1001101000111101001101', '0011001100010000010100', '0111000010111010111000', '0110110110110001001001', '0111000010111010111000', '0111011001100101010101', '1011100110000001001100', '0111000010111010111000', '0100001110010010001011']0.9715122915475375['0011010011101011111110', '0111011001100101010101', '1001101000111101001101', '0111000010111010111000', '0110110110110001001001', '0000100011000000000110', '1010011000001001111011', '0110001110000001010011', '1001101000111101001101', '1010111110011100011011', '1001101000111101001101', '0011001100010000010100', '0111000010111010111000', '0110110110110001001001', '0111000010111010111000', '0111011001100101010101', '1011100110000001001100', '0111000010111010111000', '0100001110010010001011']0.44880445160734746['0011010011101011111110', '0111011001100101010101', '1001101000111101001101', '0111000010111010111000', '0110110110110001001001', '0000100011000000000110', '1010011000001001111011', '0110001110000001010011', '1001101000111101001101', '1010111110011100011011', '1001101000111101001101', '0011001100010000010100', '0111000010111010111000', '0110110110110001001001', '0111000010111010111000', '0111011001100101010101', '1011100110000001001100', '0111000010111010111000', '0100001110010010001011']0.07226154117658823participa
7['0011010011101011111110', '0111011001100101010101', '1001101000111101001101', '0111000010111010111000', '0110110110110001001001', '0000100011000000000110', '1010011000001001111011', '0110001110000001010011', '1001101000111101001101', '1010111110011100011011', '1001101000111101001101', '0011001100010000010100', '0111000010111010111000', '0110110110110001001001', '0111000010111010111000', '0111011001100101010101', '1011100110000001001100', '0111000010111010111000', '0100001110010010001011']0.0909438016129327participa
8['0011010011101011111110', '0111011001100101010101', '1001101000111101001101', '0111000010111010111000', '0110110110110001001001', '0000100011000000000110', '1010011000001001111011', '0110001110000001010011', '1001101000111101001101', '1010111110011100011011', '1001101000111101001101', '0011001100010000010100', '0111000010111010111000', '0110110110110001001001', '0111000010111010111000', '0111011001100101010101', '1011100110000001001100', '0111000010111010111000', '0100001110010010001011']0.87662583616222729['0011010011101011111110', '0111011001100101010101', '1001101000111101001101', '0111000010111010111000', '0110110110110001001001', '0000100011000000000110', '1010011000001001111011', '0110001110000001010011', '1001101000111101001101', '1010111110011100011011', '1001101000111101001101', '0011001100010000010100', '0111000010111010111000', '0110110110110001001001', '0111000010111010111000', '0111011001100101010101', '1011100110000001001100', '0111000010111010111000', '0100001110010010001011']0.3860391970927210510['0011010011101011111110', '0111011001100101010101', '1001101000111101001101', '0111000010111010111000', '0110110110110001001001', '0000100011000000000110', '1010011000001001111011', '0110001110000001010011', '1001101000111101001101', '1010111110011100011011', '1001101000111101001101', '0011001100010000010100', '0111000010111010111000', '0110110110110001001001', '0111000010111010111000', '0111011001100101010101', '1011100110000001001100', '0111000010111010111000', '0100001110010010001011']0.15692140177703107participa
11['0011010011101011111110', '0111011001100101010101', '1001101000111101001101', '0111000010111010111000', '0110110110110001001001', '0000100011000000000110', '1010011000001001111011', '0110001110000001010011', '1001101000111101001101', '1010111110011100011011', '1001101000111101001101', '0011001100010000010100', '0111000010111010111000', '0110110110110001001001', '0111000010111010111000', '0111011001100101010101', '1011100110000001001100', '0111000010111010111000', '0100001110010010001011']0.719539264920644212['0011010011101011111110', '0111011001100101010101', '1001101000111101001101', '0111000010111010111000', '0110110110110001001001', '0000100011000000000110', '1010011000001001111011', '0110001110000001010011', '1001101000111101001101', '1010111110011100011011', '1001101000111101001101', '0011001100010000010100', '0111000010111010111000', '0110110110110001001001', '0111000010111010111000', '0111011001100101010101', '1011100110000001001100', '0111000010111010111000', '0100001110010010001011']0.09870606655996639participa
13['0011010011101011111110', '0111011001100101010101', '1001101000111101001101', '0111000010111010111000', '0110110110110001001001', '0000100011000000000110', '1010011000001001111011', '0110001110000001010011', '1001101000111101001101', '1010111110011100011011', '1001101000111101001101', '0011001100010000010100', '0111000010111010111000', '0110110110110001001001', '0111000010111010111000', '0111011001100101010101', '1011100110000001001100', '0111000010111010111000', '0100001110010010001011']0.156999728909895participa
14['0011010011101011111110', '0111011001100101010101', '1001101000111101001101', '0111000010111010111000', '0110110110110001001001', '0000100011000000000110', '1010011000001001111011', '0110001110000001010011', '1001101000111101001101', '1010111110011100011011', '1001101000111101001101', '0011001100010000010100', '0111000010111010111000', '0110110110110001001001', '0111000010111010111000', '0111011001100101010101', '1011100110000001001100', '0111000010111010111000', '0100001110010010001011']0.2776289646767964315['0011010011101011111110', '0111011001100101010101', '1001101000111101001101', '0111000010111010111000', '0110110110110001001001', '0000100011000000000110', '1010011000001001111011', '0110001110000001010011', '1001101000111101001101', '1010111110011100011011', '1001101000111101001101', '0011001100010000010100', '0111000010111010111000', '0110110110110001001001', '0111000010111010111000', '0111011001100101010101', '1011100110000001001100', '0111000010111010111000', '0100001110010010001011']0.2757743580053547716['0011010011101011111110', '0111011001100101010101', '1001101000111101001101', '0111000010111010111000', '0110110110110001001001', '0000100011000000000110', '1010011000001001111011', '0110001110000001010011', '1001101000111101001101', '1010111110011100011011', '1001101000111101001101', '0011001100010000010100', '0111000010111010111000', '0110110110110001001001', '0111000010111010111000', '0111011001100101010101', '1011100110000001001100', '0111000010111010111000', '0100001110010010001011']0.12713587298747786participa
17['0011010011101011111110', '0111011001100101010101', '1001101000111101001101', '0111000010111010111000', '0110110110110001001001', '0000100011000000000110', '1010011000001001111011', '0110001110000001010011', '1001101000111101001101', '1010111110011100011011', '1001101000111101001101', '0011001100010000010100', '0111000010111010111000', '0110110110110001001001', '0111000010111010111000', '0111011001100101010101', '1011100110000001001100', '0111000010111010111000', '0100001110010010001011']0.13393220477059675participa
18['0011010011101011111110', '0111011001100101010101', '1001101000111101001101', '0111000010111010111000', '0110110110110001001001', '0000100011000000000110', '1010011000001001111011', '0110001110000001010011', '1001101000111101001101', '1010111110011100011011', '1001101000111101001101', '0011001100010000010100', '0111000010111010111000', '0110110110110001001001', '0111000010111010111000', '0111011001100101010101', '1011100110000001001100', '0111000010111010111000', '0100001110010010001011']0.315231708254871919['0011010011101011111110', '0111011001100101010101', '1001101000111101001101', '0111000010111010111000', '0110110110110001001001', '0000100011000000000110', '1010011000001001111011', '0110001110000001010011', '1001101000111101001101', '1010111110011100011011', '1001101000111101001101', '0011001100010000010100', '0111000010111010111000', '0110110110110001001001', '0111000010111010111000', '0111011001100101010101', '1011100110000001001100', '0111000010111010111000', '0100001110010010001011']0.7089107832046907Dupa recombinarea efectuata:
1 0011010011101011111110 -0.379823 1.475911488671
2 0000100011000000000110 -0.897457 0.297113933151
3 1001101000111101001101 0.80749 2.1554498999
4 0111000010111010111000 0.321055 2.217978686975
5 0110110110110001001001 0.285453 2.203969584791
6 0111011001100101010101 0.387451 2.237332722599
7 1010011110011100011011 0.964192 2.034525787136
8 0110001110000001010011 0.166075 2.138494094375
9 1001101000111101001101 0.80749 2.1554498999
10 1010111000001001111011 1.039517 1.958921406711
11 1001101000111101001101 0.80749 2.1554498999
12 0011001010111010111000 -0.405508 1.430055261936
13 0111000100010000010100 0.324966 2.219363098844
14 0110110110110001001001 0.285453 2.203969584791
15 0111000010111010111000 0.321055 2.217978686975
16 0111011001100101010101 0.387451 2.237332722599
17 1011100110000001001100 1.173883 1.795881702311
18 0111000010111010111000 0.321055 2.217978686975
19 0100001110010010001011 -0.208152 1.748520744896
Probabilitate de mutatie:0.01
Au fost modificati
1
Dupa mutatie:
    10011010011101011111110 -0.379823 1.475911488671
    20111011001100101010101 0.387451 2.237332722599
    31001101000111101001101 0.80749 2.1554498999
    40111000010111010111000 0.321055 2.217978686975
    50110110110110001001001 0.285453 2.203969584791
    60000100011000000000110 -0.897457 0.297113933151
    71010011000001001111011 0.945767 2.051291781711
    80110001110000001010011 0.166075 2.138494094375
    91001101000111101001101 0.80749 2.1554498999
    101010111110111100011011 1.059407 1.9370638083510001
    111001101000111101001101 0.80749 2.1554498999
    120011001100010000010100 -0.401597 1.437122849591
    130111000010111010111000 0.321055 2.217978686975
    140110110110110001001001 0.285453 2.203969584791
    150111000010111010111000 0.321055 2.217978686975
    160111011001100101010101 0.387451 2.237332722599
    171011100110000001001100 1.173883 1.795881702311
    180111000010111010111000 0.321055 2.217978686975
    190100001110010010001011 -0.208152 1.748520744896
Evolutia maximului:
    2.239111912284 1.8085146305264002
    2.239111912284 1.96706906888605
    2.239111912284 2.0915837562579
    2.239111912284 2.19315200451845
    2.239111912284 2.19482016140885
    2.239111912284 2.20010669133955
    2.239111912284 2.2058696658671
    2.239111912284 2.2082963266138504
    2.239111912284 2.20732862483265
    2.239111912284 2.2042015089767
    2.239111912284 1.8927084101600502
    2.239111912284 2.0556552749816506
    2.239111912284 2.064676827803651
    2.239111912284 2.2210408454806005
    2.239111912284 2.2227090023710003
    2.239111912284 2.2227090023710003
    2.239111912284 2.2227090023710003
    2.239111912284 2.219766466428551
    2.239111912284 2.218785621114401
    2.239111912284 2.218785621114401
    2.239111912284 2.218785621114401
    2.239111912284 2.2187859625016504
    2.239111912284 2.2187859625016504
    2.239111912284 2.2187859625016504
    2.239111912284 2.2187859625016504
    2.239111912284 2.2187859625016504
    2.239111912284 2.2187859625016504
    2.239111912284 2.2187859625016504
    2.239111912284 2.2187859625016504
    2.239111912284 2.2187859625016504
    2.239111912284 2.2187859625016504
    2.239111912284 2.2187859625016504
    2.239111912284 2.2187859625016504
    2.239111912284 2.2187859625016504
    2.239111912284 2.2187859625016504
    2.239111912284 2.2187859625016504
    2.239111912284 2.2187859625016504
    2.239111912284 2.2187859625016504
    2.239111912284 2.2187859625016504
    2.239111912284 2.2262655017492503
    2.239111912284 2.2262655017492503
    2.239111912284 2.2262655017492503
    2.246095124879 2.245745964249249
    2.246095124879 2.2453968036194993
    2.246095124879 2.244698482359999
    2.246095124879 2.2450476429897495
    2.246095124879 2.245047642989749
    2.247422305559 2.2461267529934994
    2.247422305559 2.2465422726572495
    2.247422305559 2.246674990725249
